OtuPicker parameters:
Application:uclust
Similarity:0.99
chimeras_retention:union
enable_rev_strand_matching:True
exact:False
max_accepts:1
max_rejects:8
new_cluster_identifier:denovo
next_new_cluster_number:1
optimal:False
output_dir:/Users/hollybik/Dropbox/Projects/rRNA-WimQing/CC-alignment-beg-18S-gene-390bp/step1_otus
prefilter_identical_sequences:True
presort_by_abundance:True
save_uc_files:True
stable_sort:True
stepwords:8
suppress_new_clusters:True
suppress_sort:True
word_length:8
Reference seqs:/macqiime/SILVA_132_QIIME_release/rep_set/rep_set_18S_only/99/silva_132_99_18S.fna
Num OTUs:4
Num new OTUs:0
Num failures:82
Result path: /Users/hollybik/Dropbox/Projects/rRNA-WimQing/CC-alignment-beg-18S-gene-390bp/step1_otus/CC-alignment-beg-18S-gene-390bp_otus.txt