UclustConsensusTaxonAssigner parameters:
id_to_taxonomy_filepath:/Users/hollybik/Dropbox/Projects/rRNA-WimQing/SILVA132/SILVA132-SSURef_18S_Taxonomy.fa
id_to_taxonomy_fp:/Users/hollybik/Dropbox/Projects/rRNA-WimQing/SILVA132/SILVA132-SSURef_18S_Taxonomy.fa
max_accepts:3
min_consensus_fraction:0.51
reference_sequences_fp:/Users/hollybik/Dropbox/Projects/rRNA-WimQing/SILVA132/SILVA132-SSURef_18SOnly_Sequences.fa
similarity:0.9
unassignable_label:Unassigned
Result path: /tmp/assign-taxD9cBPP

.uc file contents:

# uclust --input /Users/hollybik/Dropbox/Projects/rRNA-WimQing/CC-alignment-beg-18S-gene-390bp/rep_set.fna --id 0.9 --rev --maxaccepts 3 --allhits --libonly --lib /Users/hollybik/Dropbox/Projects/rRNA-WimQing/SILVA132/SILVA132-SSURef_18SOnly_Sequences.fa --uc /tmp/UclustConsensusTaxonAssigner_di3JRC.uc
# version=1.2.22
# Tab-separated fields:
# 1=Type, 2=ClusterNr, 3=SeqLength or ClusterSize, 4=PctId, 5=Strand, 6=QueryStart, 7=SeedStart, 8=Alignment, 9=QueryLabel, 10=TargetLabel
# Record types (field 1): L=LibSeed, S=NewSeed, H=Hit, R=Reject, D=LibCluster, C=NewCluster, N=NoHit
# For C and D types, PctId is average id with seed.
# QueryStart and SeedStart are zero-based relative to start of sequence.
# If minus strand, SeedStart is relative to reverse-complemented seed.
L	112095	1698	*	*	*	*	*	EU669930.1.1698	*
H	112095	394	99.7	+	0	0	28I394M1276I	AJ966499.1.1761 Pmed_1	EU669930.1.1698
L	120954	1761	*	*	*	*	*	AJ966499.1.1761	*
H	120954	394	99.7	+	0	0	54I394M1313I	AJ966499.1.1761 Pmed_1	AJ966499.1.1761
L	112094	1698	*	*	*	*	*	EU669928.1.1698	*
H	112094	394	99.7	+	0	0	28I394M1276I	AJ966499.1.1761 Pmed_1	EU669928.1.1698
L	68791	1543	*	*	*	*	*	JX674039.1.1543	*
H	68791	392	100.0	+	0	0	32I392M1119I	JF706244.1.1722 Hgin1_2	JX674039.1.1543
L	67011	1722	*	*	*	*	*	JF706244.1.1722	*
H	67011	392	99.5	+	0	0	40I392M1290I	JF706244.1.1722 Hgin1_2	JF706244.1.1722
L	66189	1712	*	*	*	*	*	HQ697250.1.1712	*
H	66189	392	99.5	+	0	0	40I392M1280I	JF706244.1.1722 Hgin1_2	HQ697250.1.1712
L	68655	1718	*	*	*	*	*	JX406380.1.1718	*
H	68655	396	100.0	+	0	0	396M1322I	JX406337.1.1721 Rren_1	JX406380.1.1718
L	68345	1720	*	*	*	*	*	JX406377.1.1720	*
H	68345	396	99.7	+	0	0	396M1324I	JX406337.1.1721 Rren_1	JX406377.1.1720
L	68291	1720	*	*	*	*	*	JX406366.1.1720	*
H	68291	396	100.0	+	0	0	396M1324I	JX406337.1.1721 Rren_1	JX406366.1.1720
N	*	400	*	*	*	*	*	New.CleanUp.ReferenceOTU0 Rque2_27	*
L	21337	1756	*	*	*	*	*	FJ969117.1.1756	*
H	21337	398	91.2	+	0	0	46I146M7I252M1305I	New.CleanUp.ReferenceOTU10 Pbra1_3	FJ969117.1.1756
L	26612	1713	*	*	*	*	*	AY284603.1.1713	*
H	26612	398	93.5	+	0	0	47I48MD92MD232M3D21M1273I	New.CleanUp.ReferenceOTU10 Pbra1_3	AY284603.1.1713
L	77332	1710	*	*	*	*	*	KJ869348.1.1710	*
H	77332	398	91.0	+	0	0	28I151M7I247M1277I	New.CleanUp.ReferenceOTU10 Pbra1_3	KJ869348.1.1710
L	113553	1700	*	*	*	*	*	EU669955.1.1700	*
H	113553	398	93.0	+	0	0	28I48MD33MD25MI290M1275I	New.CleanUp.ReferenceOTU11 Pbra2_6	EU669955.1.1700
L	111367	1703	*	*	*	*	*	EU669927.1.1703	*
H	111367	398	93.5	+	0	0	29I48MD33MD17MI272M2I26M1275I	New.CleanUp.ReferenceOTU11 Pbra2_6	EU669927.1.1703
L	75053	1748	*	*	*	*	*	KF385443.1.1748	*
H	75053	398	94.0	+	0	0	47I48MI34MD17MI275MI23M1301I	New.CleanUp.ReferenceOTU11 Pbra2_6	KF385443.1.1748
N	*	400	*	*	*	*	*	New.CleanUp.ReferenceOTU12 Rque2_3	*
L	31298	1693	*	*	*	*	*	AY593904.1.1693	*
H	31298	397	92.4	+	0	0	28I48MD325M3D20M1272I	New.CleanUp.ReferenceOTU13 Pbra2_1	AY593904.1.1693
L	36222	1766	*	*	*	*	*	AY993979.1.1766	*
H	36222	397	94.0	+	0	0	53I48MD324M3D21M1320I	New.CleanUp.ReferenceOTU13 Pbra2_1	AY993979.1.1766
L	117986	1831	*	*	*	*	*	AJ966497.1.1831	*
H	117986	397	92.7	+	0	0	47I48MD325M3D20M1391I	New.CleanUp.ReferenceOTU13 Pbra2_1	AJ966497.1.1831
N	*	399	*	*	*	*	*	New.CleanUp.ReferenceOTU15 Rque2_12	*
H	21337	397	91.9	+	0	0	46I146M8I251M1305I	New.CleanUp.ReferenceOTU16 Pbra1_2	FJ969117.1.1756
L	25116	1710	*	*	*	*	*	AY284604.1.1710	*
H	25116	397	94.5	+	0	0	47I48MD238MD85M3D21M1271I	New.CleanUp.ReferenceOTU16 Pbra1_2	AY284604.1.1710
L	111365	1699	*	*	*	*	*	EU669917.1.1699	*
H	111365	397	94.2	+	0	0	28I373M3D21M1277I	New.CleanUp.ReferenceOTU16 Pbra1_2	EU669917.1.1699
L	77150	1688	*	*	*	*	*	KJ869311.1.1688	*
H	77150	394	94.4	+	0	0	29I101M4D289M1269I	New.CleanUp.ReferenceOTU17 Mpac1_1	KJ869311.1.1688
L	25800	1707	*	*	*	*	*	AY284590.1.1707	*
H	25800	394	94.2	+	0	0	48I101M4D289M1269I	New.CleanUp.ReferenceOTU17 Mpac1_1	AY284590.1.1707
L	77433	1699	*	*	*	*	*	KJ869337.1.1699	*
H	77433	394	96.2	+	0	0	28I47MI347M1276I	New.CleanUp.ReferenceOTU17 Mpac1_1	KJ869337.1.1699
H	113553	398	93.2	+	0	0	28I48MD58MI37MD253M1275I	New.CleanUp.ReferenceOTU18 Pbra1_6	EU669955.1.1700
L	113197	1772	*	*	*	*	*	AF442189.1.1772	*
H	113197	398	93.5	+	0	0	55I48MI53MI40MD234M2D20M1320I	New.CleanUp.ReferenceOTU18 Pbra1_6	AF442189.1.1772
L	113093	1709	*	*	*	*	*	EU669920.1.1709	*
H	113093	398	93.7	+	0	0	29I50MI55MI27MI12MD253M1280I	New.CleanUp.ReferenceOTU18 Pbra1_6	EU669920.1.1709
H	68791	392	97.4	+	0	0	32I392M1119I	New.CleanUp.ReferenceOTU3 Hgin3_3	JX674039.1.1543
H	67011	392	96.9	+	0	0	40I392M1290I	New.CleanUp.ReferenceOTU3 Hgin3_3	JF706244.1.1722
H	66189	392	96.9	+	0	0	40I392M1280I	New.CleanUp.ReferenceOTU3 Hgin3_3	HQ697250.1.1712
H	68791	391	97.2	+	0	0	32I63MI328M1119I	New.CleanUp.ReferenceOTU4 Hgin1_1	JX674039.1.1543
H	67011	391	96.7	+	0	0	40I63MI328M1290I	New.CleanUp.ReferenceOTU4 Hgin1_1	JF706244.1.1722
H	66189	391	96.7	+	0	0	40I63MI328M1280I	New.CleanUp.ReferenceOTU4 Hgin1_1	HQ697250.1.1712
H	77150	394	94.7	+	0	0	29I101M4D289M1269I	New.CleanUp.ReferenceOTU5 Maca2_1	KJ869311.1.1688
H	77433	394	96.2	+	0	0	28I49MI345M1276I	New.CleanUp.ReferenceOTU5 Maca2_1	KJ869337.1.1699
L	76957	1699	*	*	*	*	*	KJ869309.1.1699	*
H	76957	394	96.2	+	0	0	28I49MI345M1276I	New.CleanUp.ReferenceOTU5 Maca2_1	KJ869309.1.1699
L	76367	1702	*	*	*	*	*	KJ636293.1.1702	*
H	76367	396	98.7	+	0	0	28I106M2D288M1280I	New.CleanUp.ReferenceOTU7 Rmac_6	KJ636293.1.1702
L	76325	1702	*	*	*	*	*	KJ636351.1.1702	*
H	76325	396	98.5	+	0	0	28I106M2D288M1280I	New.CleanUp.ReferenceOTU7 Rmac_6	KJ636351.1.1702
L	68365	1724	*	*	*	*	*	JX406354.1.1724	*
H	68365	396	97.0	+	0	0	I152M2I244M1325I	New.CleanUp.ReferenceOTU7 Rmac_6	JX406354.1.1724
D	25116	2	*	*	*	*	94.5	AY284604.1.1710	*
D	26612	2	*	*	*	*	93.5	AY284603.1.1713	*
D	36222	2	*	*	*	*	94.0	AY993979.1.1766	*
D	68291	2	*	*	*	*	100.0	JX406366.1.1720	*
D	68791	4	*	*	*	*	98.2	JX674039.1.1543	*
D	75053	2	*	*	*	*	94.0	KF385443.1.1748	*
D	76367	2	*	*	*	*	98.7	KJ636293.1.1702	*
D	76957	2	*	*	*	*	96.2	KJ869309.1.1699	*
D	77433	2	*	*	*	*	96.2	KJ869337.1.1699	*
D	112094	2	*	*	*	*	99.7	EU669928.1.1698	*
D	113093	2	*	*	*	*	93.7	EU669920.1.1709	*
